<?xml version="1.0" encoding="UTF-8"?>
<!-- Generated by org.testng.reporters.JUnitReportReporter -->
<testsuite hostname="GEETAKARUNYAM" failures="0" tests="2" name="dataProviders.ActiTimeLogintest" time="35.892" errors="0" timestamp="2023-08-08T09:09:44 IST" skipped="0">
  <testcase classname="dataProviders.ActiTimeLogintest" name="actitimeLogin" time="17.943"/>
  <system-out/>
  <testcase classname="dataProviders.ActiTimeLogintest" name="actitimeLogin" time="17.949"/>
  <system-out/>
</testsuite> <!-- dataProviders.ActiTimeLogintest -->
