<?xml version="1.0" encoding="UTF-8"?>
<!-- Generated by org.testng.reporters.JUnitReportReporter -->
<testsuite hostname="GEETAKARUNYAM" failures="0" tests="1" name="VtigerFinalTestScript.CreateOrganizationTest" time="17.792" errors="0" timestamp="2023-08-29T11:03:25 IST" skipped="0">
  <testcase classname="VtigerFinalTestScript.CreateOrganizationTest" name="createOrgTest" time="17.792"/>
  <system-out/>
</testsuite> <!-- VtigerFinalTestScript.CreateOrganizationTest -->
